
/home/runner/work/exp-processing-changes-in-proteins-iitk/exp-processing-changes-in-proteins-iitk/experiment/simulation/script/project.js
   26:9   warning  'cflasks' is not defined             no-undef
   30:13  warning  'powder' is not defined              no-undef
   30:20  warning  'sample1' is not defined             no-undef
   32:13  warning  'phall' is not defined               no-undef
   38:9   warning  'bufferbottle' is not defined        no-undef
   39:9   warning  'buffersol' is not defined           no-undef
   40:9   warning  'phcap' is not defined               no-undef
   46:13  warning  'flaskshakerplace' is not defined    no-undef
   52:9   warning  'flaskshakerreverse' is not defined  no-undef
   56:9   warning  'machine' is not defined             no-undef
   57:9   warning  'reading' is not defined             no-undef
   58:9   warning  'tare' is not defined                no-undef
   59:9   warning  'on' is not defined                  no-undef
   60:9   warning  'pdish1' is not defined              no-undef
   61:9   warning  'filter1' is not defined             no-undef
   66:13  warning  'funnel' is not defined              no-undef
   67:13  warning  'neflask1' is not defined            no-undef
   68:13  warning  'nesol1' is not defined              no-undef
   70:13  warning  'flaskselector' is not defined       no-undef
   70:27  warning  'flask1' is not defined              no-undef
   71:13  warning  'solselector' is not defined         no-undef
   71:25  warning  'sol1' is not defined                no-undef
   80:9   warning  'machine' is not defined             no-undef
   83:13  warning  'reading' is not defined             no-undef
   84:13  warning  'tare' is not defined                no-undef
   85:13  warning  'on' is not defined                  no-undef
   92:9   warning  'ovenplace' is not defined           no-undef
   99:9   warning  'tbl1' is not defined                no-undef
  101:9   warning  'tbl1' is not defined                no-undef
  107:9   warning  'tbl1' is not defined                no-undef
  108:9   warning  'graph' is not defined               no-undef
  109:9   warning  'graph' is not defined               no-undef

/home/runner/work/exp-processing-changes-in-proteins-iitk/exp-processing-changes-in-proteins-iitk/experiment/simulation/script/step1.js
    2:5   warning  'on' is assigned a value but never used       no-unused-vars
    3:5   warning  'tare' is assigned a value but never used     no-unused-vars
   20:5   warning  'cflasks' is assigned a value but never used  no-unused-vars
   30:10  warning  'flaskplace1' is defined but never used       no-unused-vars
   33:9   warning  'flaskpour' is not defined                    no-undef
   37:10  warning  'flaskplace2' is defined but never used       no-unused-vars
   40:9   warning  'flaskpour' is not defined                    no-undef
   44:10  warning  'flaskplace3' is defined but never used       no-unused-vars
   47:9   warning  'flaskpour' is not defined                    no-undef
   51:10  warning  'flaskplace4' is defined but never used       no-unused-vars
   54:9   warning  'flaskpour' is not defined                    no-undef
   58:10  warning  'flaskplace5' is defined but never used       no-unused-vars
   61:9   warning  'flaskpour' is not defined                    no-undef
   74:10  warning  'on1' is defined but never used               no-unused-vars
   75:8   warning  'f' is not defined                            no-undef
   76:9   warning  'f' is not defined                            no-undef
   78:9   warning  'ins' is not defined                          no-undef
   84:10  warning  'tare1' is defined but never used             no-unused-vars
   85:8   warning  'f' is not defined                            no-undef
   86:9   warning  'f' is not defined                            no-undef
   88:9   warning  'ins' is not defined                          no-undef
   90:13  warning  'f' is not defined                            no-undef
   91:9   warning  'f' is not defined                            no-undef
   93:9   warning  'ins' is not defined                          no-undef
   98:10  warning  'cap1' is defined but never used              no-unused-vars
   99:8   warning  'f' is not defined                            no-undef
  105:17  warning  'f' is not defined                            no-undef
  106:17  warning  'ins' is not defined                          no-undef
  110:13  warning  'f' is not defined                            no-undef
  111:9   warning  'f' is not defined                            no-undef
  117:17  warning  'f' is not defined                            no-undef
  118:17  warning  'ins' is not defined                          no-undef
  119:17  warning  'startbutton' is not defined                  no-undef
  120:17  warning  'startbutton' is not defined                  no-undef
  127:8   warning  'f' is not defined                            no-undef
  128:9   warning  'f' is not defined                            no-undef
  137:25  warning  'ins' is not defined                          no-undef
  138:25  warning  'f' is not defined                            no-undef
  141:25  warning  'f' is not defined                            no-undef
  143:25  warning  'ins' is not defined                          no-undef
  150:13  warning  'f' is not defined                            no-undef
  151:9   warning  'f' is not defined                            no-undef
  162:21  warning  'f' is not defined                            no-undef
  171:10  warning  'spatula1' is defined but never used          no-unused-vars
  172:8   warning  'f' is not defined                            no-undef
  173:9   warning  'f' is not defined                            no-undef
  209:41  warning  'f' is not defined                            no-undef
  210:41  warning  'ins' is not defined                          no-undef
  228:9   warning  'ins' is not defined                          no-undef
  234:9   warning  'ins' is not defined                          no-undef
  240:9   warning  'ins' is not defined                          no-undef
  246:9   warning  'ins' is not defined                          no-undef
  251:9   warning  'f' is not defined                            no-undef
  252:9   warning  'ins' is not defined                          no-undef

/home/runner/work/exp-processing-changes-in-proteins-iitk/exp-processing-changes-in-proteins-iitk/experiment/simulation/script/step2.js
   47:10  warning  'bufferpour' is defined but never used  no-unused-vars
   48:8   warning  'f' is not defined                      no-undef
   49:9   warning  'f' is not defined                      no-undef
   85:45  warning  'powder' is not defined                 no-undef
   91:49  warning  'powder' is not defined                 no-undef
  137:9   warning  'powder' is not defined                 no-undef
  137:16  warning  'sample2' is not defined                no-undef
  140:9   warning  'ins' is not defined                    no-undef
  153:9   warning  'powder' is not defined                 no-undef
  153:16  warning  'sample3' is not defined                no-undef
  156:9   warning  'ins' is not defined                    no-undef
  168:9   warning  'powder' is not defined                 no-undef
  168:16  warning  'sample4' is not defined                no-undef
  171:9   warning  'ins' is not defined                    no-undef
  183:9   warning  'powder' is not defined                 no-undef
  183:16  warning  'sample5' is not defined                no-undef
  186:9   warning  'ins' is not defined                    no-undef
  189:9   warning  'ins' is not defined                    no-undef
  190:9   warning  'startbutton' is not defined            no-undef
  191:9   warning  'f' is not defined                      no-undef
  192:9   warning  'startbutton' is not defined            no-undef
  193:9   warning  'corks' is not defined                  no-undef
  221:5   warning  'f' is not defined                      no-undef

/home/runner/work/exp-processing-changes-in-proteins-iitk/exp-processing-changes-in-proteins-iitk/experiment/simulation/script/step3.js
   29:10  warning  'onoff1' is defined but never used              no-unused-vars
   30:8   warning  'f' is not defined                              no-undef
   31:9   warning  'f' is not defined                              no-undef
   35:9   warning  'ins' is not defined                            no-undef
   37:13  warning  'f' is not defined                              no-undef
   38:9   warning  'f' is not defined                              no-undef
   42:9   warning  'ins' is not defined                            no-undef
   48:10  warning  'rpm1' is defined but never used                no-unused-vars
   49:8   warning  'f' is not defined                              no-undef
   50:9   warning  'f' is not defined                              no-undef
   53:9   warning  'ins' is not defined                            no-undef
   56:13  warning  'f' is not defined                              no-undef
   57:9   warning  'f' is not defined                              no-undef
   59:9   warning  'ins' is not defined                            no-undef
   65:10  warning  'mm1' is defined but never used                 no-unused-vars
   66:8   warning  'f' is not defined                              no-undef
   67:9   warning  'f' is not defined                              no-undef
   70:9   warning  'ins' is not defined                            no-undef
   72:13  warning  'f' is not defined                              no-undef
   73:9   warning  'f' is not defined                              no-undef
   75:9   warning  'ins' is not defined                            no-undef
   81:10  warning  'ss1' is defined but never used                 no-unused-vars
   82:8   warning  'f' is not defined                              no-undef
   83:9   warning  'f' is not defined                              no-undef
   86:9   warning  'ins' is not defined                            no-undef
   88:13  warning  'f' is not defined                              no-undef
   89:9   warning  'f' is not defined                              no-undef
   91:9   warning  'ins' is not defined                            no-undef
   97:10  warning  'plus1' is defined but never used               no-unused-vars
   98:8   warning  'f' is not defined                              no-undef
  103:13  warning  'f' is not defined                              no-undef
  111:13  warning  'f' is not defined                              no-undef
  123:10  warning  'minus1' is defined but never used              no-unused-vars
  124:8   warning  'f' is not defined                              no-undef
  129:13  warning  'f' is not defined                              no-undef
  134:13  warning  'f' is not defined                              no-undef
  143:10  warning  'shakerstart1' is defined but never used        no-unused-vars
  144:8   warning  'f' is not defined                              no-undef
  146:13  warning  'f' is not defined                              no-undef
  147:13  warning  'ins' is not defined                            no-undef
  149:13  warning  'startBtntimer' is not defined                  no-undef
  153:13  warning  'f' is not defined                              no-undef
  154:21  warning  'ins' is not defined                            no-undef
  155:13  warning  'ins' is not defined                            no-undef
  157:17  warning  'ins' is not defined                            no-undef
  158:17  warning  'f' is not defined                              no-undef
  167:8   warning  'stp1' is not defined                           no-undef
  168:9   warning  'stp1' is not defined                           no-undef
  174:10  warning  'stopmachine' is defined but never used         no-unused-vars
  175:8   warning  'stp1' is not defined                           no-undef
  176:9   warning  'stp1' is not defined                           no-undef
  224:10  warning  'flaskshakerplace' is defined but never used    no-unused-vars
  225:5   warning  'flask1' is not defined                         no-undef
  226:5   warning  'flask2' is not defined                         no-undef
  227:5   warning  'flask3' is not defined                         no-undef
  228:5   warning  'flask4' is not defined                         no-undef
  229:5   warning  'flask5' is not defined                         no-undef
  231:5   warning  'sol1' is not defined                           no-undef
  232:5   warning  'sol2' is not defined                           no-undef
  233:5   warning  'sol3' is not defined                           no-undef
  234:5   warning  'sol4' is not defined                           no-undef
  235:5   warning  'sol5' is not defined                           no-undef
  245:9   warning  'flask1' is not defined                         no-undef
  246:9   warning  'flask2' is not defined                         no-undef
  247:9   warning  'flask3' is not defined                         no-undef
  248:9   warning  'flask4' is not defined                         no-undef
  249:9   warning  'flask5' is not defined                         no-undef
  251:9   warning  'sol1' is not defined                           no-undef
  252:9   warning  'sol2' is not defined                           no-undef
  253:9   warning  'sol3' is not defined                           no-undef
  254:9   warning  'sol4' is not defined                           no-undef
  255:9   warning  'sol5' is not defined                           no-undef
  268:13  warning  'flask1' is not defined                         no-undef
  269:13  warning  'flask2' is not defined                         no-undef
  270:13  warning  'flask3' is not defined                         no-undef
  271:13  warning  'flask4' is not defined                         no-undef
  272:13  warning  'flask5' is not defined                         no-undef
  274:13  warning  'sol1' is not defined                           no-undef
  275:13  warning  'sol2' is not defined                           no-undef
  276:13  warning  'sol3' is not defined                           no-undef
  277:13  warning  'sol4' is not defined                           no-undef
  278:13  warning  'sol5' is not defined                           no-undef
  292:17  warning  'f' is not defined                              no-undef
  299:10  warning  'flaskshakerreverse' is defined but never used  no-unused-vars
  309:9   warning  'flask1' is not defined                         no-undef
  310:9   warning  'flask2' is not defined                         no-undef
  311:9   warning  'flask3' is not defined                         no-undef
  312:9   warning  'flask4' is not defined                         no-undef
  313:9   warning  'flask5' is not defined                         no-undef
  315:9   warning  'sol1' is not defined                           no-undef
  316:9   warning  'sol2' is not defined                           no-undef
  317:9   warning  'sol3' is not defined                           no-undef
  318:9   warning  'sol4' is not defined                           no-undef
  319:9   warning  'sol5' is not defined                           no-undef
  329:13  warning  'flask1' is not defined                         no-undef
  330:13  warning  'flask2' is not defined                         no-undef
  331:13  warning  'flask3' is not defined                         no-undef
  332:13  warning  'flask4' is not defined                         no-undef
  333:13  warning  'flask5' is not defined                         no-undef
  335:13  warning  'sol1' is not defined                           no-undef
  336:13  warning  'sol2' is not defined                           no-undef
  337:13  warning  'sol3' is not defined                           no-undef
  338:13  warning  'sol4' is not defined                           no-undef
  339:13  warning  'sol5' is not defined                           no-undef
  352:17  warning  'flask1' is not defined                         no-undef
  353:17  warning  'flask2' is not defined                         no-undef
  354:17  warning  'flask3' is not defined                         no-undef
  355:17  warning  'flask4' is not defined                         no-undef
  356:17  warning  'flask5' is not defined                         no-undef
  358:17  warning  'sol1' is not defined                           no-undef
  359:17  warning  'sol2' is not defined                           no-undef
  360:17  warning  'sol3' is not defined                           no-undef
  361:17  warning  'sol4' is not defined                           no-undef
  362:17  warning  'sol5' is not defined                           no-undef
  369:17  warning  'f' is not defined                              no-undef
  370:17  warning  'ins' is not defined                            no-undef
  373:17  warning  'reading' is not defined                        no-undef
  374:17  warning  'reading' is not defined                        no-undef
  375:17  warning  'on' is not defined                             no-undef
  376:17  warning  'tare' is not defined                           no-undef
  377:17  warning  'pdish1' is not defined                         no-undef
  378:17  warning  'pdish2' is not defined                         no-undef
  379:17  warning  'pdish3' is not defined                         no-undef
  380:17  warning  'pdish4' is not defined                         no-undef
  381:17  warning  'pdish5' is not defined                         no-undef
  382:17  warning  'filter1' is not defined                        no-undef
  383:17  warning  'filter2' is not defined                        no-undef
  384:17  warning  'filter3' is not defined                        no-undef
  385:17  warning  'filter4' is not defined                        no-undef
  386:17  warning  'filter5' is not defined                        no-undef

/home/runner/work/exp-processing-changes-in-proteins-iitk/exp-processing-changes-in-proteins-iitk/experiment/simulation/script/step4.js
    4:5   warning  'pdish2' is assigned a value but never used   no-unused-vars
    5:5   warning  'pdish3' is assigned a value but never used   no-unused-vars
    6:5   warning  'pdish4' is assigned a value but never used   no-unused-vars
    7:5   warning  'pdish5' is assigned a value but never used   no-unused-vars
   10:5   warning  'filter2' is assigned a value but never used  no-unused-vars
   11:5   warning  'filter3' is assigned a value but never used  no-unused-vars
   12:5   warning  'filter4' is assigned a value but never used  no-unused-vars
   13:5   warning  'filter5' is assigned a value but never used  no-unused-vars
   37:10  warning  'petri' is defined but never used             no-unused-vars
   38:8   warning  'f' is not defined                            no-undef
   39:9   warning  'f' is not defined                            no-undef
   47:21  warning  'reading' is not defined                      no-undef
   54:25  warning  'f' is not defined                            no-undef
   55:25  warning  'ins' is not defined                          no-undef
   61:13  warning  'f' is not defined                            no-undef
   62:9   warning  'f' is not defined                            no-undef
   64:9   warning  'reading' is not defined                      no-undef
   69:17  warning  'f' is not defined                            no-undef
   70:17  warning  'ins' is not defined                          no-undef
   80:10  warning  'filter' is defined but never used            no-unused-vars
   81:8   warning  'f' is not defined                            no-undef
   82:9   warning  'f' is not defined                            no-undef
   89:21  warning  'reading' is not defined                      no-undef
   96:25  warning  'f' is not defined                            no-undef
   97:25  warning  'ins' is not defined                          no-undef
  103:13  warning  'f' is not defined                            no-undef
  104:9   warning  'f' is not defined                            no-undef
  105:9   warning  'reading' is not defined                      no-undef
  112:21  warning  'startbutton' is not defined                  no-undef
  113:21  warning  'startbutton' is not defined                  no-undef
  114:21  warning  'f' is not defined                            no-undef
  115:21  warning  'ins' is not defined                          no-undef

/home/runner/work/exp-processing-changes-in-proteins-iitk/exp-processing-changes-in-proteins-iitk/experiment/simulation/script/step5.js
   17:21  warning  'pdish1' is not defined                  no-undef
   33:10  warning  'flaskpour' is defined but never used    no-unused-vars
   34:8   warning  'f' is not defined                       no-undef
   35:9   warning  'f' is not defined                       no-undef
   36:9   warning  'flaskselector' is not defined           no-undef
   37:9   warning  'solselector' is not defined             no-undef
   39:13  warning  'flaskselector' is not defined           no-undef
   40:13  warning  'solselector' is not defined             no-undef
   43:17  warning  'flaskselector' is not defined           no-undef
   44:17  warning  'solselector' is not defined             no-undef
   45:17  warning  'solselector' is not defined             no-undef
   46:17  warning  'solselector' is not defined             no-undef
   49:21  warning  'solselector' is not defined             no-undef
   52:25  warning  'flaskselector' is not defined           no-undef
   53:25  warning  'solselector' is not defined             no-undef
   55:29  warning  'solselector' is not defined             no-undef
   56:29  warning  'flaskselector' is not defined           no-undef
   58:33  warning  'flaskselector' is not defined           no-undef
   60:37  warning  'flaskselector' is not defined           no-undef
   62:41  warning  'flaskselector' is not defined           no-undef
   63:41  warning  'ins' is not defined                     no-undef
   66:41  warning  'f' is not defined                       no-undef
   79:10  warning  'funnel1' is defined but never used      no-unused-vars
   80:8   warning  'f' is not defined                       no-undef
   81:9   warning  'f' is not defined                       no-undef
  111:48  warning  'flaskselector' is not defined           no-undef
  116:53  warning  'f' is not defined                       no-undef
  137:8   warning  'flaskselector' is not defined           no-undef
  137:23  warning  'flask1' is not defined                  no-undef
  138:9   warning  'flaskselector' is not defined           no-undef
  138:23  warning  'flask2' is not defined                  no-undef
  139:9   warning  'solselector' is not defined             no-undef
  139:21  warning  'sol2' is not defined                    no-undef
  141:23  warning  'pdish2' is not defined                  no-undef
  147:9   warning  'ins' is not defined                     no-undef
  149:13  warning  'flaskselector' is not defined           no-undef
  149:28  warning  'flask2' is not defined                  no-undef
  150:9   warning  'flaskselector' is not defined           no-undef
  150:23  warning  'flask3' is not defined                  no-undef
  151:9   warning  'solselector' is not defined             no-undef
  151:21  warning  'sol3' is not defined                    no-undef
  153:23  warning  'pdish3' is not defined                  no-undef
  159:9   warning  'ins' is not defined                     no-undef
  161:13  warning  'flaskselector' is not defined           no-undef
  161:28  warning  'flask3' is not defined                  no-undef
  162:9   warning  'flaskselector' is not defined           no-undef
  162:23  warning  'flask4' is not defined                  no-undef
  163:9   warning  'solselector' is not defined             no-undef
  163:21  warning  'sol4' is not defined                    no-undef
  165:23  warning  'pdish4' is not defined                  no-undef
  171:9   warning  'ins' is not defined                     no-undef
  173:13  warning  'flaskselector' is not defined           no-undef
  173:28  warning  'flask4' is not defined                  no-undef
  174:9   warning  'flaskselector' is not defined           no-undef
  174:23  warning  'flask5' is not defined                  no-undef
  175:9   warning  'solselector' is not defined             no-undef
  175:21  warning  'sol5' is not defined                    no-undef
  177:23  warning  'pdish5' is not defined                  no-undef
  183:9   warning  'ins' is not defined                     no-undef
  185:13  warning  'flaskselector' is not defined           no-undef
  185:28  warning  'flask5' is not defined                  no-undef
  186:9   warning  'flaskselector' is not defined           no-undef
  188:23  warning  'pdish1' is not defined                  no-undef
  189:9   warning  'startbutton' is not defined             no-undef
  190:9   warning  'startbutton' is not defined             no-undef
  191:9   warning  'ins' is not defined                     no-undef
  192:9   warning  'f' is not defined                       no-undef
  199:10  warning  'ovenplace' is defined but never used    no-unused-vars
  201:5   warning  'machine' is not defined                 no-undef
  202:5   warning  'reading' is not defined                 no-undef
  203:5   warning  'on' is not defined                      no-undef
  204:5   warning  'tare' is not defined                    no-undef
  211:5   warning  'pdish1' is not defined                  no-undef
  212:5   warning  'pdish2' is not defined                  no-undef
  213:5   warning  'pdish3' is not defined                  no-undef
  214:5   warning  'pdish4' is not defined                  no-undef
  215:5   warning  'pdish5' is not defined                  no-undef
  223:9   warning  'pdish1' is not defined                  no-undef
  224:9   warning  'pdish2' is not defined                  no-undef
  225:9   warning  'pdish3' is not defined                  no-undef
  226:9   warning  'pdish4' is not defined                  no-undef
  227:9   warning  'pdish5' is not defined                  no-undef
  236:13  warning  'pdish1' is not defined                  no-undef
  237:13  warning  'pdish2' is not defined                  no-undef
  238:13  warning  'pdish3' is not defined                  no-undef
  239:13  warning  'pdish4' is not defined                  no-undef
  240:13  warning  'pdish5' is not defined                  no-undef
  248:13  warning  'pdish1' is not defined                  no-undef
  249:13  warning  'pdish2' is not defined                  no-undef
  250:13  warning  'pdish3' is not defined                  no-undef
  251:13  warning  'pdish4' is not defined                  no-undef
  252:13  warning  'pdish5' is not defined                  no-undef
  254:13  warning  'ovendiv' is not defined                 no-undef
  255:13  warning  'gate' is not defined                    no-undef
  264:17  warning  'pdish1' is not defined                  no-undef
  265:17  warning  'pdish2' is not defined                  no-undef
  266:17  warning  'pdish3' is not defined                  no-undef
  267:17  warning  'pdish4' is not defined                  no-undef
  268:17  warning  'pdish5' is not defined                  no-undef
  271:21  warning  'ins' is not defined                     no-undef
  272:21  warning  'f' is not defined                       no-undef
  280:14  warning  'ovenreverse' is defined but never used  no-unused-vars
  286:9   warning  'pdish1' is not defined                  no-undef
  287:9   warning  'pdish2' is not defined                  no-undef
  288:9   warning  'pdish3' is not defined                  no-undef
  289:9   warning  'pdish4' is not defined                  no-undef
  290:9   warning  'pdish5' is not defined                  no-undef
  297:13  warning  'pdish1' is not defined                  no-undef
  298:13  warning  'pdish2' is not defined                  no-undef
  299:13  warning  'pdish3' is not defined                  no-undef
  300:13  warning  'pdish4' is not defined                  no-undef
  301:13  warning  'pdish5' is not defined                  no-undef
  308:13  warning  'pdish1' is not defined                  no-undef
  309:13  warning  'pdish2' is not defined                  no-undef
  310:13  warning  'pdish3' is not defined                  no-undef
  311:13  warning  'pdish4' is not defined                  no-undef
  312:13  warning  'pdish5' is not defined                  no-undef
  320:17  warning  'pdish1' is not defined                  no-undef
  321:17  warning  'pdish2' is not defined                  no-undef
  322:17  warning  'pdish3' is not defined                  no-undef
  323:17  warning  'pdish4' is not defined                  no-undef
  324:17  warning  'pdish5' is not defined                  no-undef
  326:17  warning  'ovendiv' is not defined                 no-undef
  327:17  warning  'gate' is not defined                    no-undef
  335:21  warning  'pdish1' is not defined                  no-undef
  336:21  warning  'pdish2' is not defined                  no-undef
  337:21  warning  'pdish3' is not defined                  no-undef
  338:21  warning  'pdish4' is not defined                  no-undef
  339:21  warning  'pdish5' is not defined                  no-undef
  341:21  warning  'machine' is not defined                 no-undef
  343:25  warning  'tare' is not defined                    no-undef
  344:25  warning  'on' is not defined                      no-undef
  345:25  warning  'reading' is not defined                 no-undef
  346:25  warning  'ins' is not defined                     no-undef
  347:25  warning  'f' is not defined                       no-undef

/home/runner/work/exp-processing-changes-in-proteins-iitk/exp-processing-changes-in-proteins-iitk/experiment/simulation/script/step6.js
   36:8   warning  'f' is not defined                     no-undef
   37:9   warning  'f' is not defined                     no-undef
   38:9   warning  'imselector' is not defined            no-undef
   39:9   warning  'pdishselector' is not defined         no-undef
   40:9   warning  'tbl1' is not defined                  no-undef
   42:13  warning  'pdishselector' is not defined         no-undef
   43:13  warning  'imselector' is not defined            no-undef
   45:17  warning  'pdishselector' is not defined         no-undef
   46:17  warning  'imselector' is not defined            no-undef
   48:21  warning  'reading' is not defined               no-undef
   55:29  warning  'f' is not defined                     no-undef
   56:29  warning  'ins' is not defined                   no-undef
   64:13  warning  'f' is not defined                     no-undef
   65:9   warning  'f' is not defined                     no-undef
   66:9   warning  'pdishselector' is not defined         no-undef
   67:9   warning  'imselector' is not defined            no-undef
   68:9   warning  'reading' is not defined               no-undef
   70:13  warning  'pdishselector' is not defined         no-undef
   71:13  warning  'imselector' is not defined            no-undef
   72:13  warning  'tbl1' is not defined                  no-undef
   74:17  warning  'pdishselector' is not defined         no-undef
   75:17  warning  'imselector' is not defined            no-undef
   76:17  warning  'f' is not defined                     no-undef
   93:12  warning  'imselector' is not defined            no-undef
   93:24  warning  'im1' is not defined                   no-undef
   94:13  warning  'imselector' is not defined            no-undef
   94:24  warning  'im2' is not defined                   no-undef
   95:13  warning  'pdishselector' is not defined         no-undef
   95:27  warning  'pdish2' is not defined                no-undef
   99:13  warning  'ins' is not defined                   no-undef
  101:17  warning  'imselector' is not defined            no-undef
  101:29  warning  'im2' is not defined                   no-undef
  102:13  warning  'imselector' is not defined            no-undef
  102:24  warning  'im3' is not defined                   no-undef
  103:13  warning  'pdishselector' is not defined         no-undef
  103:27  warning  'pdish3' is not defined                no-undef
  107:13  warning  'ins' is not defined                   no-undef
  109:17  warning  'imselector' is not defined            no-undef
  109:29  warning  'im3' is not defined                   no-undef
  110:13  warning  'imselector' is not defined            no-undef
  110:24  warning  'im4' is not defined                   no-undef
  111:13  warning  'pdishselector' is not defined         no-undef
  111:27  warning  'pdish4' is not defined                no-undef
  115:13  warning  'ins' is not defined                   no-undef
  117:17  warning  'imselector' is not defined            no-undef
  117:29  warning  'im4' is not defined                   no-undef
  118:13  warning  'imselector' is not defined            no-undef
  118:24  warning  'im5' is not defined                   no-undef
  119:13  warning  'pdishselector' is not defined         no-undef
  119:27  warning  'pdish5' is not defined                no-undef
  123:13  warning  'ins' is not defined                   no-undef
  125:17  warning  'imselector' is not defined            no-undef
  125:29  warning  'im5' is not defined                   no-undef
  126:13  warning  'imselector' is not defined            no-undef
  126:24  warning  'im1' is not defined                   no-undef
  127:13  warning  'pdishselector' is not defined         no-undef
  127:27  warning  'pdish1' is not defined                no-undef
  131:13  warning  'startbutton' is not defined           no-undef
  132:13  warning  'ins' is not defined                   no-undef
  133:13  warning  'f' is not defined                     no-undef
  139:12  warning  'imselector' is not defined            no-undef
  139:24  warning  'im1' is not defined                   no-undef
  140:13  warning  'imselector' is not defined            no-undef
  140:24  warning  'im2' is not defined                   no-undef
  141:13  warning  'pdishselector' is not defined         no-undef
  141:27  warning  'pdish2' is not defined                no-undef
  147:13  warning  'ins' is not defined                   no-undef
  149:17  warning  'imselector' is not defined            no-undef
  149:29  warning  'im2' is not defined                   no-undef
  150:13  warning  'imselector' is not defined            no-undef
  150:24  warning  'im3' is not defined                   no-undef
  151:13  warning  'pdishselector' is not defined         no-undef
  151:27  warning  'pdish3' is not defined                no-undef
  157:13  warning  'ins' is not defined                   no-undef
  159:17  warning  'imselector' is not defined            no-undef
  159:29  warning  'im3' is not defined                   no-undef
  160:13  warning  'imselector' is not defined            no-undef
  160:24  warning  'im4' is not defined                   no-undef
  161:13  warning  'pdishselector' is not defined         no-undef
  161:27  warning  'pdish4' is not defined                no-undef
  167:13  warning  'ins' is not defined                   no-undef
  169:17  warning  'imselector' is not defined            no-undef
  169:29  warning  'im4' is not defined                   no-undef
  170:13  warning  'imselector' is not defined            no-undef
  170:24  warning  'im5' is not defined                   no-undef
  171:13  warning  'pdishselector' is not defined         no-undef
  171:27  warning  'pdish5' is not defined                no-undef
  177:13  warning  'ins' is not defined                   no-undef
  179:17  warning  'imselector' is not defined            no-undef
  179:29  warning  'im5' is not defined                   no-undef
  180:13  warning  'imselector' is not defined            no-undef
  180:24  warning  'im1' is not defined                   no-undef
  181:13  warning  'pdishselector' is not defined         no-undef
  181:27  warning  'pdish1' is not defined                no-undef
  183:13  warning  'startbutton' is not defined           no-undef
  184:13  warning  'startbutton' is not defined           no-undef
  185:13  warning  'ins' is not defined                   no-undef
  186:13  warning  'f' is not defined                     no-undef
  201:10  warning  'imselect1' is defined but never used  no-unused-vars
  202:8   warning  'imselector' is not defined            no-undef
  202:20  warning  'im1' is not defined                   no-undef
  207:10  warning  'imselect2' is defined but never used  no-unused-vars
  208:8   warning  'imselector' is not defined            no-undef
  208:20  warning  'im2' is not defined                   no-undef
  213:10  warning  'imselect3' is defined but never used  no-unused-vars
  214:8   warning  'imselector' is not defined            no-undef
  214:20  warning  'im3' is not defined                   no-undef
  219:10  warning  'imselect4' is defined but never used  no-unused-vars
  220:8   warning  'imselector' is not defined            no-undef
  220:20  warning  'im4' is not defined                   no-undef
  225:10  warning  'imselect5' is defined but never used  no-unused-vars
  226:8   warning  'imselector' is not defined            no-undef
  226:20  warning  'im5' is not defined                   no-undef

/home/runner/work/exp-processing-changes-in-proteins-iitk/exp-processing-changes-in-proteins-iitk/experiment/simulation/script/step7.js
    2:5   warning  'ovendiv' is assigned a value but never used  no-unused-vars
   21:10  warning  'onoffnew1' is defined but never used         no-unused-vars
   22:8   warning  'f' is not defined                            no-undef
   23:9   warning  'f' is not defined                            no-undef
   27:9   warning  'ins' is not defined                          no-undef
   30:13  warning  'f' is not defined                            no-undef
   31:9   warning  'f' is not defined                            no-undef
   35:9   warning  'ins' is not defined                          no-undef
   39:10  warning  'tempnew1' is defined but never used          no-unused-vars
   40:8   warning  'f' is not defined                            no-undef
   41:9   warning  'f' is not defined                            no-undef
   44:9   warning  'ins' is not defined                          no-undef
   46:13  warning  'f' is not defined                            no-undef
   47:9   warning  'f' is not defined                            no-undef
   49:9   warning  'ins' is not defined                          no-undef
   53:10  warning  'hournew1' is defined but never used          no-unused-vars
   54:8   warning  'f' is not defined                            no-undef
   55:9   warning  'f' is not defined                            no-undef
   58:9   warning  'ins' is not defined                          no-undef
   60:13  warning  'f' is not defined                            no-undef
   61:9   warning  'f' is not defined                            no-undef
   63:9   warning  'ins' is not defined                          no-undef
   67:10  warning  'minutenew1' is defined but never used        no-unused-vars
   68:8   warning  'f' is not defined                            no-undef
   69:9   warning  'f' is not defined                            no-undef
   72:9   warning  'ins' is not defined                          no-undef
   74:13  warning  'f' is not defined                            no-undef
   75:9   warning  'f' is not defined                            no-undef
   77:9   warning  'ins' is not defined                          no-undef
   81:10  warning  'secondnew1' is defined but never used        no-unused-vars
   82:8   warning  'f' is not defined                            no-undef
   83:9   warning  'f' is not defined                            no-undef
   86:9   warning  'ins' is not defined                          no-undef
   88:13  warning  'f' is not defined                            no-undef
   89:9   warning  'f' is not defined                            no-undef
   91:9   warning  'ins' is not defined                          no-undef
   93:13  warning  'ins' is not defined                          no-undef
   99:10  warning  'door' is defined but never used              no-unused-vars
  100:8   warning  'petritrial' is not defined                   no-undef
  104:13  warning  'f' is not defined                            no-undef
  106:17  warning  'ins' is not defined                          no-undef
  107:17  warning  'startBtntimer2' is not defined               no-undef
  111:13  warning  'ins' is not defined                          no-undef
  114:13  warning  'petritrial' is not defined                   no-undef
  114:34  warning  'f' is not defined                            no-undef
  115:9   warning  'f' is not defined                            no-undef
  118:13  warning  'ovenreverse' is not defined                  no-undef
  125:10  warning  'plusnew1' is defined but never used          no-unused-vars
  126:8   warning  'f' is not defined                            no-undef
  136:13  warning  'f' is not defined                            no-undef
  147:13  warning  'f' is not defined                            no-undef
  157:13  warning  'f' is not defined                            no-undef
  171:10  warning  'minusnew1' is defined but never used         no-unused-vars
  172:8   warning  'f' is not defined                            no-undef
  182:13  warning  'f' is not defined                            no-undef
  193:13  warning  'f' is not defined                            no-undef
  203:13  warning  'f' is not defined                            no-undef

/home/runner/work/exp-processing-changes-in-proteins-iitk/exp-processing-changes-in-proteins-iitk/experiment/simulation/script/step8.js
   8:5   warning  'graph' is assigned a value but never used  no-unused-vars
  21:10  warning  'fhider' is defined but never used          no-unused-vars
  35:10  warning  'checker' is defined but never used         no-unused-vars
  50:9   warning  'ins' is not defined                        no-undef
  54:10  warning  'result' is defined but never used          no-unused-vars
  70:9   warning  'ins' is not defined                        no-undef
  76:9   warning  'ins' is not defined                        no-undef
  82:9   warning  'ins' is not defined                        no-undef
  88:9   warning  'ins' is not defined                        no-undef
  91:9   warning  'ins' is not defined                        no-undef
  92:9   warning  'startbutton' is not defined                no-undef
  93:9   warning  'startbutton' is not defined                no-undef
  94:9   warning  'f' is not defined                          no-undef

/home/runner/work/exp-processing-changes-in-proteins-iitk/exp-processing-changes-in-proteins-iitk/experiment/simulation/script/stopwatch.js
   3:5   warning  'running' is assigned a value but never used  no-unused-vars
   5:10  warning  'startBtntimer' is defined but never used     no-unused-vars
   6:5   warning  'timer' is not defined                        no-undef
   7:23  warning  'sec2' is not defined                         no-undef
   8:23  warning  'min2' is not defined                         no-undef
  13:5   warning  'timer' is not defined                        no-undef
  16:10  warning  'resetBtn' is defined but never used          no-unused-vars
  17:5   warning  'timer' is not defined                        no-undef
  26:9   warning  'timer' is not defined                        no-undef
  39:13  warning  'stopmachine' is not defined                  no-undef
  40:13  warning  'startbutton' is not defined                  no-undef
  41:13  warning  'startbutton' is not defined                  no-undef
  42:13  warning  'ins' is not defined                          no-undef
  43:13  warning  'f' is not defined                            no-undef

/home/runner/work/exp-processing-changes-in-proteins-iitk/exp-processing-changes-in-proteins-iitk/experiment/simulation/script/stopwatch2.js
   4:5   warning  'running2' is assigned a value but never used  no-unused-vars
   6:10  warning  'startBtntimer2' is defined but never used     no-unused-vars
   7:5   warning  'timer2' is not defined                        no-undef
   8:24  warning  'secondnew' is not defined                     no-undef
   9:24  warning  'minutenew' is not defined                     no-undef
  10:22  warning  'hournew' is not defined                       no-undef
  15:5   warning  'timer2' is not defined                        no-undef
  18:10  warning  'resetBtn2' is defined but never used          no-unused-vars
  19:5   warning  'timer2' is not defined                        no-undef
  30:9   warning  'timer2' is not defined                        no-undef
  48:13  warning  'f' is not defined                             no-undef
  49:13  warning  'ins' is not defined                           no-undef
  50:13  warning  'petritrial' is not defined                    no-undef

✖ 616 problems (0 errors, 616 warnings)

